[2025-02-19 08:50:20]  ###################################
[2025-02-19 08:50:20]  #################  ################
[2025-02-19 08:50:20]  ################    ###############
[2025-02-19 08:50:20]  ####   #########    #########   ###
[2025-02-19 08:50:20]  ####     #######    #######     ###
[2025-02-19 08:50:20]  ####   ##   #####  #####   ##   ###
[2025-02-19 08:50:20]  ####   #  ######    ######      ###
[2025-02-19 08:50:20]  ####   ##  #####    #####  ##   ###
[2025-02-19 08:50:20]  ####   ##   #####  #####  ###   ###
[2025-02-19 08:50:20]  ####   ###  #####  #####  ###   ###
[2025-02-19 08:50:20]  ####   ##    ##      ##    ##   ###
[2025-02-19 08:50:20]  ####   ###  ####    ####  ###   ###
[2025-02-19 08:50:20]  ####   ###   ###    ###   ###   ###
[2025-02-19 08:50:20]  ####      #####  ##  #####      ###
[2025-02-19 08:50:20]  ####   #   ###  ####  ###   #   ###
[2025-02-19 08:50:20]  ####   ##       ####       ##   ###
[2025-02-19 08:50:20]  ####   #####  #      #  #####   ###
[2025-02-19 08:50:20]  ####   #####  ###  ###  #####   ###
[2025-02-19 08:50:20]  ####                            ###
[2025-02-19 08:50:20]  ############   ##  ##   ###########
[2025-02-19 08:50:20]  #############   #  #   ############
[2025-02-19 08:50:20]   #############        #############
[2025-02-19 08:50:20]       ###########    ###########    
[2025-02-19 08:50:20]           ##################        
[2025-02-19 08:50:20] 
[2025-02-19 08:50:20] 
[2025-02-19 08:50:20]  * ABOUT:    WildRig/0.42.2
[2025-02-19 08:50:20]  * CPU:      Intel(R) Xeon(R) Silver 4108 CPU @ 1.80GHz
[2025-02-19 08:50:20]  * ALGO:     progpow-quai
[2025-02-19 08:50:20]  * POOL #1:  koala.straffesites.be:3333
[2025-02-19 08:50:20]  * COMMANDS: 'h' hashrate
[2025-02-19 08:50:20] 
[2025-02-19 08:50:20]    devfee: 0.75%
[2025-02-19 08:50:20]    send-stale: no
[2025-02-19 08:50:20]    watchdog: disabled
[2025-02-19 08:50:20] Initializing GPUs...
[2025-02-19 08:50:20] GPU #0: AMD Radeon (TM) Pro VII [busID: -77]  [arch: gfx906]
[2025-02-19 08:50:20] threads: 1, intensity: 24, cu: 60, memory: 16368Mb
[2025-02-19 08:50:21] GPU #1: AMD Radeon (TM) Pro VII [busID: -74]  [arch: gfx906]
[2025-02-19 08:50:21] threads: 1, intensity: 24, cu: 60, memory: 16368Mb
[2025-02-19 08:50:21] GPU #2: AMD Radeon (TM) Pro VII [busID: 98]  [arch: gfx906]
[2025-02-19 08:50:21] threads: 1, intensity: 24, cu: 60, memory: 16368Mb
[2025-02-19 08:50:21] GPU #3: AMD Radeon (TM) Pro VII [busID: 101]  [arch: gfx906]
[2025-02-19 08:50:21] threads: 1, intensity: 24, cu: 60, memory: 16368Mb
[2025-02-19 08:50:22] Start mining
[2025-02-19 08:50:22] use pool koala.straffesites.be:3333 194.163.144.34
[2025-02-19 08:50:22] new job from koala.straffesites.be:3333 diff 129.18G
[2025-02-19 08:50:22] block: 53,838	epoch: 0	 job target: 0x000000000882fb8e
[2025-02-19 08:50:22] new job from koala.straffesites.be:3333 diff 129.25G
[2025-02-19 08:50:22] block: 53,838	epoch: 0	 job target: 0x000000000881ae9c
[2025-02-19 08:50:22] new job from koala.straffesites.be:3333 diff 129.18G
[2025-02-19 08:50:22] block: 53,838	epoch: 0	 job target: 0x000000000882fb8e
[2025-02-19 08:50:23] new job from koala.straffesites.be:3333 diff 129.25G
[2025-02-19 08:50:23] block: 53,838	epoch: 0	 job target: 0x000000000881ae9c
[2025-02-19 08:50:23] kernel 1 compiled for gfx906
[2025-02-19 08:50:24] new job from koala.straffesites.be:3333 diff 129.25G
[2025-02-19 08:50:24] block: 53,838	epoch: 0	 job target: 0x000000000881ae9c
[2025-02-19 08:50:24] new job from koala.straffesites.be:3333 diff 129.37G
[2025-02-19 08:50:24] block: 53,838	epoch: 0	 job target: 0x00000000087fbba4
[2025-02-19 08:50:25] new job from koala.straffesites.be:3333 diff 129.29G
[2025-02-19 08:50:25] block: 53,839	epoch: 0	 job target: 0x0000000008810830
[2025-02-19 08:50:26] new job from koala.straffesites.be:3333 diff 129.45G
[2025-02-19 08:50:26] block: 53,839	epoch: 0	 job target: 0x00000000087e6f4b
[2025-02-19 08:50:26] GPU #0: DAG 4,194,299Kb generated in 2 sec.
[2025-02-19 08:50:26] GPU #3: DAG 4,194,299Kb generated in 2 sec.
[2025-02-19 08:50:26] GPU #2: DAG 4,194,299Kb generated in 2 sec.
[2025-02-19 08:50:26] GPU #1: DAG 4,194,299Kb generated in 2 sec.
[2025-02-19 08:50:26] new job from koala.straffesites.be:3333 diff 129.45G
[2025-02-19 08:50:26] block: 53,839	epoch: 0	 job target: 0x00000000087e6f4b
[2025-02-19 08:50:27] new job from koala.straffesites.be:3333 diff 129.45G
[2025-02-19 08:50:27] block: 53,839	epoch: 0	 job target: 0x00000000087e6f4b
[2025-02-19 08:50:28] new job from koala.straffesites.be:3333 diff 129.45G
[2025-02-19 08:50:28] block: 53,839	epoch: 0	 job target: 0x00000000087e6f4b
[2025-02-19 08:50:28] new job from koala.straffesites.be:3333 diff 129.45G
[2025-02-19 08:50:28] block: 53,839	epoch: 0	 job target: 0x00000000087e6f4b
[2025-02-19 08:50:29] new job from koala.straffesites.be:3333 diff 129.45G
[2025-02-19 08:50:29] block: 53,839	epoch: 0	 job target: 0x00000000087e6f4b
[2025-02-19 08:50:29] new job from koala.straffesites.be:3333 diff 129.60G
[2025-02-19 08:50:29] block: 53,839	epoch: 0	 job target: 0x00000000087bd731
[2025-02-19 08:50:30] new job from koala.straffesites.be:3333 diff 129.68G
[2025-02-19 08:50:30] block: 53,840	epoch: 0	 job target: 0x00000000087a8b57
[2025-02-19 08:50:31] new job from koala.straffesites.be:3333 diff 129.68G
[2025-02-19 08:50:31] block: 53,840	epoch: 0	 job target: 0x00000000087a8b57
[2025-02-19 08:50:32] new job from koala.straffesites.be:3333 diff 129.68G
[2025-02-19 08:50:32] block: 53,840	epoch: 0	 job target: 0x00000000087a8b57
[2025-02-19 08:50:32] new job from koala.straffesites.be:3333 diff 129.76G
[2025-02-19 08:50:32] block: 53,840	epoch: 0	 job target: 0x0000000008793fb0
[2025-02-19 08:50:32] new job from koala.straffesites.be:3333 diff 129.76G
[2025-02-19 08:50:32] block: 53,840	epoch: 0	 job target: 0x0000000008793fb0
[2025-02-19 08:50:33] new job from koala.straffesites.be:3333 diff 129.76G
[2025-02-19 08:50:33] block: 53,840	epoch: 0	 job target: 0x0000000008793fb0
[2025-02-19 08:50:34] new job from koala.straffesites.be:3333 diff 129.76G
[2025-02-19 08:50:34] block: 53,840	epoch: 0	 job target: 0x0000000008793fb0
[2025-02-19 08:50:35] new job from koala.straffesites.be:3333 diff 129.76G
[2025-02-19 08:50:35] block: 53,840	epoch: 0	 job target: 0x0000000008793fb0
[2025-02-19 08:50:36] new job from koala.straffesites.be:3333 diff 129.76G
[2025-02-19 08:50:36] block: 53,840	epoch: 0	 job target: 0x0000000008793fb0
[2025-02-19 08:50:36] new job from koala.straffesites.be:3333 diff 129.91G
[2025-02-19 08:50:36] block: 53,840	epoch: 0	 job target: 0x000000000876a92c
[2025-02-19 08:50:36] new job from koala.straffesites.be:3333 diff 129.91G
[2025-02-19 08:50:36] block: 53,840	epoch: 0	 job target: 0x000000000876a92c
[2025-02-19 08:50:37] new job from koala.straffesites.be:3333 diff 129.91G
[2025-02-19 08:50:37] block: 53,840	epoch: 0	 job target: 0x000000000876a92c
[2025-02-19 08:50:38] new job from koala.straffesites.be:3333 diff 129.91G
[2025-02-19 08:50:38] block: 53,840	epoch: 0	 job target: 0x000000000876a92c
[2025-02-19 08:50:38] new job from koala.straffesites.be:3333 diff 129.91G
[2025-02-19 08:50:38] block: 53,840	epoch: 0	 job target: 0x000000000876a92c
[2025-02-19 08:50:39] new job from koala.straffesites.be:3333 diff 129.91G
[2025-02-19 08:50:39] block: 53,840	epoch: 0	 job target: 0x000000000876a92c
[2025-02-19 08:50:40] new job from koala.straffesites.be:3333 diff 129.91G
[2025-02-19 08:50:40] block: 53,840	epoch: 0	 job target: 0x000000000876a92c
[2025-02-19 08:50:40] new job from koala.straffesites.be:3333 diff 129.91G
[2025-02-19 08:50:40] block: 53,840	epoch: 0	 job target: 0x000000000876a92c
[2025-02-19 08:50:41] new job from koala.straffesites.be:3333 diff 129.91G
[2025-02-19 08:50:41] block: 53,840	epoch: 0	 job target: 0x000000000876a92c
[2025-02-19 08:50:42] new job from koala.straffesites.be:3333 diff 129.91G
[2025-02-19 08:50:42] block: 53,840	epoch: 0	 job target: 0x000000000876a92c
[2025-02-19 08:50:43] new job from koala.straffesites.be:3333 diff 129.91G
[2025-02-19 08:50:43] block: 53,840	epoch: 0	 job target: 0x000000000876a92c
[2025-02-19 08:50:44] new job from koala.straffesites.be:3333 diff 129.91G
[2025-02-19 08:50:44] block: 53,840	epoch: 0	 job target: 0x000000000876a92c
[2025-02-19 08:50:44] new job from koala.straffesites.be:3333 diff 129.91G
[2025-02-19 08:50:44] block: 53,840	epoch: 0	 job target: 0x000000000876a92c
[2025-02-19 08:50:45] new job from koala.straffesites.be:3333 diff 129.91G
[2025-02-19 08:50:45] block: 53,840	epoch: 0	 job target: 0x000000000876a92c
[2025-02-19 08:50:46] new job from koala.straffesites.be:3333 diff 129.91G
[2025-02-19 08:50:46] block: 53,840	epoch: 0	 job target: 0x000000000876a92c
[2025-02-19 08:50:47] block: 53,840	epoch: 0	 job target: 0x000000000876a92c
[2025-02-19 08:50:47] new job from koala.straffesites.be:3333 diff 129.91G
[2025-02-19 08:50:48] new job from koala.straffesites.be:3333 diff 129.91G
[2025-02-19 08:50:48] block: 53,840	epoch: 0	 job target: 0x000000000876a92c
[2025-02-19 08:50:48] block: 53,840	epoch: 0	 job target: 0x000000000876a92c
[2025-02-19 08:50:48] new job from koala.straffesites.be:3333 diff 129.91G
[2025-02-19 08:50:50] new job from koala.straffesites.be:3333 diff 129.91G
[2025-02-19 08:50:50] block: 53,840	epoch: 0	 job target: 0x000000000876a92c
[2025-02-19 08:50:51] block: 53,840	epoch: 0	 job target: 0x000000000876a92c
[2025-02-19 08:50:51] new job from koala.straffesites.be:3333 diff 129.91G
[2025-02-19 08:50:52] new job from koala.straffesites.be:3333 diff 129.91G
[2025-02-19 08:50:52] block: 53,840	epoch: 0	 job target: 0x000000000876a92c
[2025-02-19 08:50:52] block: 53,840	epoch: 0	 job target: 0x000000000876a92c
[2025-02-19 08:50:52] new job from koala.straffesites.be:3333 diff 129.91G
[2025-02-19 08:50:53] new job from koala.straffesites.be:3333 diff 129.91G
[2025-02-19 08:50:53] block: 53,840	epoch: 0	 job target: 0x000000000876a92c
[2025-02-19 08:50:54] block: 53,840	epoch: 0	 job target: 0x000000000876a92c
[2025-02-19 08:50:54] new job from koala.straffesites.be:3333 diff 129.91G
[2025-02-19 08:50:55] new job from koala.straffesites.be:3333 diff 129.91G
[2025-02-19 08:50:55] block: 53,840	epoch: 0	 job target: 0x000000000876a92c
[2025-02-19 08:50:56] new job from koala.straffesites.be:3333 diff 129.91G
[2025-02-19 08:50:56] block: 53,840	epoch: 0	 job target: 0x000000000876a92c
[2025-02-19 08:50:56] new job from koala.straffesites.be:3333 diff 129.91G
[2025-02-19 08:50:56] block: 53,840	epoch: 0	 job target: 0x000000000876a92c
[2025-02-19 08:50:57] new job from koala.straffesites.be:3333 diff 129.91G
[2025-02-19 08:50:57] block: 53,840	epoch: 0	 job target: 0x000000000876a92c
[2025-02-19 08:50:58] new job from koala.straffesites.be:3333 diff 129.91G
[2025-02-19 08:50:58] block: 53,840	epoch: 0	 job target: 0x000000000876a92c
[2025-02-19 08:50:59] new job from koala.straffesites.be:3333 diff 129.91G
[2025-02-19 08:50:59] block: 53,840	epoch: 0	 job target: 0x000000000876a92c
[2025-02-19 08:51:00] new job from koala.straffesites.be:3333 diff 129.91G
[2025-02-19 08:51:00] block: 53,840	epoch: 0	 job target: 0x000000000876a92c
[2025-02-19 08:51:01] block: 53,840	epoch: 0	 job target: 0x000000000876a92c
[2025-02-19 08:51:01] new job from koala.straffesites.be:3333 diff 129.91G
[2025-02-19 08:51:01] new job from koala.straffesites.be:3333 diff 129.02G
[2025-02-19 08:51:01] block: 53,840	epoch: 0	 job target: 0x000000000885a4fc
[2025-02-19 08:51:02] new job from koala.straffesites.be:3333 diff 129.02G
[2025-02-19 08:51:02] block: 53,840	epoch: 0	 job target: 0x000000000885a4fc
[2025-02-19 08:51:02] new job from koala.straffesites.be:3333 diff 129.02G
[2025-02-19 08:51:02] block: 53,840	epoch: 0	 job target: 0x000000000885a4fc
[2025-02-19 08:51:03] block: 53,841	epoch: 0	 job target: 0x000000000882645b
[2025-02-19 08:51:03] new job from koala.straffesites.be:3333 diff 129.21G
[2025-02-19 08:51:04] new job from koala.straffesites.be:3333 diff 129.21G
[2025-02-19 08:51:04] block: 53,841	epoch: 0	 job target: 0x000000000882645b
[2025-02-19 08:51:04] new job from koala.straffesites.be:3333 diff 129.21G
[2025-02-19 08:51:04] block: 53,841	epoch: 0	 job target: 0x000000000882645b
[2025-02-19 08:51:06] new job from koala.straffesites.be:3333 diff 129.33G
[2025-02-19 08:51:06] block: 53,841	epoch: 0	 job target: 0x000000000880713a
[2025-02-19 08:51:06] block: 53,841	epoch: 0	 job target: 0x000000000880713a
[2025-02-19 08:51:06] new job from koala.straffesites.be:3333 diff 129.33G
[2025-02-19 08:51:07] new job from koala.straffesites.be:3333 diff 129.33G
[2025-02-19 08:51:07] block: 53,841	epoch: 0	 job target: 0x000000000880713a
[2025-02-19 08:51:08] new job from koala.straffesites.be:3333 diff 129.33G
[2025-02-19 08:51:08] block: 53,841	epoch: 0	 job target: 0x000000000880713a
[2025-02-19 08:51:08] new job from koala.straffesites.be:3333 diff 129.33G
[2025-02-19 08:51:08] block: 53,841	epoch: 0	 job target: 0x000000000880713a
[2025-02-19 08:51:09] new job from koala.straffesites.be:3333 diff 129.33G
[2025-02-19 08:51:09] block: 53,841	epoch: 0	 job target: 0x000000000880713a
[2025-02-19 08:51:10] new job from koala.straffesites.be:3333 diff 129.33G
[2025-02-19 08:51:10] block: 53,841	epoch: 0	 job target: 0x000000000880713a
[2025-02-19 08:51:10] new job from koala.straffesites.be:3333 diff 129.33G
[2025-02-19 08:51:10] block: 53,841	epoch: 0	 job target: 0x000000000880713a
[2025-02-19 08:51:11] new job from koala.straffesites.be:3333 diff 129.33G
[2025-02-19 08:51:11] block: 53,841	epoch: 0	 job target: 0x000000000880713a
[2025-02-19 08:51:12] new job from koala.straffesites.be:3333 diff 129.33G
[2025-02-19 08:51:12] block: 53,841	epoch: 0	 job target: 0x000000000880713a
[2025-02-19 08:51:13] new job from koala.straffesites.be:3333 diff 129.33G
[2025-02-19 08:51:13] block: 53,841	epoch: 0	 job target: 0x000000000880713a
[2025-02-19 08:51:14] new job from koala.straffesites.be:3333 diff 129.33G
[2025-02-19 08:51:14] block: 53,841	epoch: 0	 job target: 0x000000000880713a
[2025-02-19 08:51:15] new job from koala.straffesites.be:3333 diff 129.13G
[2025-02-19 08:51:15] block: 53,841	epoch: 0	 job target: 0x000000000883b25b
[2025-02-19 08:51:16] new job from koala.straffesites.be:3333 diff 129.13G
[2025-02-19 08:51:16] block: 53,841	epoch: 0	 job target: 0x000000000883b25b
[2025-02-19 08:51:16] new job from koala.straffesites.be:3333 diff 129.13G
[2025-02-19 08:51:16] block: 53,841	epoch: 0	 job target: 0x000000000883b25b
[2025-02-19 08:51:17] new job from koala.straffesites.be:3333 diff 129.13G
[2025-02-19 08:51:17] block: 53,841	epoch: 0	 job target: 0x000000000883b25b
[2025-02-19 08:51:18] new job from koala.straffesites.be:3333 diff 129.13G
[2025-02-19 08:51:18] block: 53,841	epoch: 0	 job target: 0x000000000883b25b
[2025-02-19 08:51:18] new job from koala.straffesites.be:3333 diff 129.13G
[2025-02-19 08:51:18] block: 53,841	epoch: 0	 job target: 0x000000000883b25b
[2025-02-19 08:51:19] new job from koala.straffesites.be:3333 diff 129.25G
[2025-02-19 08:51:19] block: 53,841	epoch: 0	 job target: 0x000000000881beed
[2025-02-19 08:51:20] new job from koala.straffesites.be:3333 diff 129.25G
[2025-02-19 08:51:20] block: 53,841	epoch: 0	 job target: 0x000000000881beed
[2025-02-19 08:51:20] -------------------------------------[Statistics]-------------------------------------
[2025-02-19 08:51:20]  ID Name                         Hashrate Temp  Fan  Pwr   Eff CClk MClk     A   R   I
[2025-02-19 08:51:20] --------------------------------------------------------------------------------------
[2025-02-19 08:51:20]  #0 Radeon (TM) Pro VII        22.55 MH/s  88C  36%  err 0.005  856 1000     -   -   - 
[2025-02-19 08:51:20]  #1 Radeon (TM) Pro VII        27.15 MH/s  85C  37%  err 0.006 1148 1000     -   -   - 
[2025-02-19 08:51:20]  #2 Radeon (TM) Pro VII        29.70 MH/s  84C  37%  err 0.007 1304 1000     -   -   - 
[2025-02-19 08:51:20]  #3 Radeon (TM) Pro VII        28.95 MH/s  73C  25%  err 0.007 1287 1000     -   -   - 
[2025-02-19 08:51:20] --------------------------------------------------------------------------------------
[2025-02-19 08:51:20]  10s:                         108.35 MH/s Power:  17176W            Accepted:        -
[2025-02-19 08:51:20]  60s:                            n/a MH/s                           Rejected:        -
[2025-02-19 08:51:20]  15m:                            n/a MH/s                           Ignored:         -
[2025-02-19 08:51:20] [0 days 00:00:59]---------------------------------------------------------------------
[2025-02-19 08:51:20] new job from koala.straffesites.be:3333 diff 129.29G
[2025-02-19 08:51:20] block: 53,841	epoch: 0	 job target: 0x000000000881187f
[2025-02-19 08:51:21] new job from koala.straffesites.be:3333 diff 129.29G
[2025-02-19 08:51:21] block: 53,841	epoch: 0	 job target: 0x000000000881187f
[2025-02-19 08:51:21] new job from koala.straffesites.be:3333 diff 129.41G
[2025-02-19 08:51:21] block: 53,841	epoch: 0	 job target: 0x00000000087f25aa
[2025-02-19 08:51:22] new job from koala.straffesites.be:3333 diff 129.41G
[2025-02-19 08:51:22] block: 53,841	epoch: 0	 job target: 0x00000000087f25aa
[2025-02-19 08:51:22] new job from koala.straffesites.be:3333 diff 129.60G
[2025-02-19 08:51:22] block: 53,842	epoch: 0	 job target: 0x00000000087be783
[2025-02-19 08:51:23] new job from koala.straffesites.be:3333 diff 129.60G
[2025-02-19 08:51:23] block: 53,842	epoch: 0	 job target: 0x00000000087be783
[2025-02-19 08:51:24] new job from koala.straffesites.be:3333 diff 129.75G
[2025-02-19 08:51:24] block: 53,842	epoch: 0	 job target: 0x0000000008795030
[2025-02-19 08:51:24] new job from koala.straffesites.be:3333 diff 129.75G
[2025-02-19 08:51:24] block: 53,842	epoch: 0	 job target: 0x0000000008795030
[2025-02-19 08:51:25] new job from koala.straffesites.be:3333 diff 129.87G
[2025-02-19 08:51:25] block: 53,842	epoch: 0	 job target: 0x0000000008775f23
[2025-02-19 08:51:26] new job from koala.straffesites.be:3333 diff 129.87G
[2025-02-19 08:51:26] block: 53,842	epoch: 0	 job target: 0x0000000008775f23
[2025-02-19 08:51:26] new job from koala.straffesites.be:3333 diff 129.87G
[2025-02-19 08:51:26] block: 53,842	epoch: 0	 job target: 0x0000000008775f23
[2025-02-19 08:51:27] new job from koala.straffesites.be:3333 diff 129.87G
[2025-02-19 08:51:27] block: 53,842	epoch: 0	 job target: 0x0000000008775f23
[2025-02-19 08:51:28] new job from koala.straffesites.be:3333 diff 129.87G
[2025-02-19 08:51:28] block: 53,842	epoch: 0	 job target: 0x0000000008775f23
[2025-02-19 08:51:28] new job from koala.straffesites.be:3333 diff 129.87G
[2025-02-19 08:51:28] block: 53,842	epoch: 0	 job target: 0x0000000008775f23
[2025-02-19 08:51:29] new job from koala.straffesites.be:3333 diff 129.87G
[2025-02-19 08:51:29] block: 53,842	epoch: 0	 job target: 0x0000000008775f23
[2025-02-19 08:51:30] new job from koala.straffesites.be:3333 diff 129.87G
[2025-02-19 08:51:30] block: 53,842	epoch: 0	 job target: 0x0000000008775f23
[2025-02-19 08:51:30] new job from koala.straffesites.be:3333 diff 129.87G
[2025-02-19 08:51:30] block: 53,842	epoch: 0	 job target: 0x0000000008775f23
[2025-02-19 08:51:31] new job from koala.straffesites.be:3333 diff 129.87G
[2025-02-19 08:51:31] block: 53,842	epoch: 0	 job target: 0x0000000008775f23
[2025-02-19 08:51:32] new job from koala.straffesites.be:3333 diff 129.87G
[2025-02-19 08:51:32] block: 53,842	epoch: 0	 job target: 0x0000000008775f23
[2025-02-19 08:51:32] new job from koala.straffesites.be:3333 diff 129.87G
[2025-02-19 08:51:32] block: 53,842	epoch: 0	 job target: 0x0000000008775f23
[2025-02-19 08:51:33] new job from koala.straffesites.be:3333 diff 129.87G
[2025-02-19 08:51:33] block: 53,842	epoch: 0	 job target: 0x0000000008775f23
[2025-02-19 08:51:33] new job from koala.straffesites.be:3333 diff 130.02G
[2025-02-19 08:51:33] block: 53,842	epoch: 0	 job target: 0x000000000874c931
[2025-02-19 08:51:34] new job from koala.straffesites.be:3333 diff 130.02G
[2025-02-19 08:51:34] block: 53,842	epoch: 0	 job target: 0x000000000874c931
[2025-02-19 08:51:34] new job from koala.straffesites.be:3333 diff 130.02G
[2025-02-19 08:51:34] block: 53,842	epoch: 0	 job target: 0x000000000874c931
[2025-02-19 08:51:35] new job from koala.straffesites.be:3333 diff 130.02G
[2025-02-19 08:51:35] block: 53,842	epoch: 0	 job target: 0x000000000874c931
[2025-02-19 08:51:36] new job from koala.straffesites.be:3333 diff 130.02G
[2025-02-19 08:51:36] block: 53,842	epoch: 0	 job target: 0x000000000874c931
[2025-02-19 08:51:36] new job from koala.straffesites.be:3333 diff 130.02G
[2025-02-19 08:51:36] block: 53,842	epoch: 0	 job target: 0x000000000874c931
[2025-02-19 08:51:37] new job from koala.straffesites.be:3333 diff 129.87G
[2025-02-19 08:51:37] block: 53,842	epoch: 0	 job target: 0x0000000008775fed
[2025-02-19 08:51:38] new job from koala.straffesites.be:3333 diff 129.87G
[2025-02-19 08:51:38] block: 53,842	epoch: 0	 job target: 0x0000000008775fed
[2025-02-19 08:51:38] new job from koala.straffesites.be:3333 diff 129.87G
[2025-02-19 08:51:38] block: 53,842	epoch: 0	 job target: 0x0000000008775fed
[2025-02-19 08:51:39] new job from koala.straffesites.be:3333 diff 129.87G
[2025-02-19 08:51:39] block: 53,842	epoch: 0	 job target: 0x0000000008775fed
[2025-02-19 08:51:40] new job from koala.straffesites.be:3333 diff 129.87G
[2025-02-19 08:51:40] block: 53,842	epoch: 0	 job target: 0x0000000008775fed
[2025-02-19 08:51:40] new job from koala.straffesites.be:3333 diff 129.87G
[2025-02-19 08:51:40] block: 53,842	epoch: 0	 job target: 0x0000000008775fed
[2025-02-19 08:51:42] new job from koala.straffesites.be:3333 diff 129.87G
[2025-02-19 08:51:42] block: 53,842	epoch: 0	 job target: 0x0000000008775fed
[2025-02-19 08:51:44] new job from koala.straffesites.be:3333 diff 129.87G
[2025-02-19 08:51:44] block: 53,842	epoch: 0	 job target: 0x0000000008775fed
[2025-02-19 08:51:44] new job from koala.straffesites.be:3333 diff 129.87G
[2025-02-19 08:51:44] block: 53,842	epoch: 0	 job target: 0x0000000008775fed
[2025-02-19 08:51:46] new job from koala.straffesites.be:3333 diff 129.87G
[2025-02-19 08:51:46] block: 53,842	epoch: 0	 job target: 0x0000000008775fed
[2025-02-19 08:51:46] new job from koala.straffesites.be:3333 diff 129.87G
[2025-02-19 08:51:46] block: 53,842	epoch: 0	 job target: 0x0000000008775fed
[2025-02-19 08:51:48] new job from koala.straffesites.be:3333 diff 129.87G
[2025-02-19 08:51:48] block: 53,842	epoch: 0	 job target: 0x0000000008775fed
[2025-02-19 08:51:48] new job from koala.straffesites.be:3333 diff 129.87G
[2025-02-19 08:51:48] block: 53,842	epoch: 0	 job target: 0x0000000008775fed
[2025-02-19 08:51:50] new job from koala.straffesites.be:3333 diff 129.87G
[2025-02-19 08:51:50] block: 53,842	epoch: 0	 job target: 0x0000000008775fed
[2025-02-19 08:51:50] new job from koala.straffesites.be:3333 diff 129.87G
[2025-02-19 08:51:50] block: 53,842	epoch: 0	 job target: 0x0000000008775fed
[2025-02-19 08:51:51] new job from koala.straffesites.be:3333 diff 129.87G
[2025-02-19 08:51:51] block: 53,842	epoch: 0	 job target: 0x0000000008775fed
[2025-02-19 08:51:52] new job from koala.straffesites.be:3333 diff 129.87G
[2025-02-19 08:51:52] block: 53,842	epoch: 0	 job target: 0x0000000008775fed
[2025-02-19 08:51:52] new job from koala.straffesites.be:3333 diff 129.87G
[2025-02-19 08:51:52] block: 53,842	epoch: 0	 job target: 0x0000000008775fed
[2025-02-19 08:51:53] new job from koala.straffesites.be:3333 diff 129.87G
[2025-02-19 08:51:53] block: 53,842	epoch: 0	 job target: 0x0000000008775fed
[2025-02-19 08:51:54] new job from koala.straffesites.be:3333 diff 129.87G
[2025-02-19 08:51:54] block: 53,842	epoch: 0	 job target: 0x0000000008775fed
[2025-02-19 08:51:55] new job from koala.straffesites.be:3333 diff 129.33G
[2025-02-19 08:51:55] block: 53,842	epoch: 0	 job target: 0x000000000880793d
[2025-02-19 08:51:56] new job from koala.straffesites.be:3333 diff 129.33G
[2025-02-19 08:51:56] block: 53,842	epoch: 0	 job target: 0x000000000880793d
[2025-02-19 08:51:56] new job from koala.straffesites.be:3333 diff 129.33G
[2025-02-19 08:51:56] block: 53,842	epoch: 0	 job target: 0x000000000880793d
[2025-02-19 08:51:57] new job from koala.straffesites.be:3333 diff 129.33G
[2025-02-19 08:51:57] block: 53,842	epoch: 0	 job target: 0x000000000880793d
[2025-02-19 08:51:58] new job from koala.straffesites.be:3333 diff 129.33G
[2025-02-19 08:51:58] block: 53,842	epoch: 0	 job target: 0x000000000880793d
[2025-02-19 08:51:58] new job from koala.straffesites.be:3333 diff 129.33G
[2025-02-19 08:51:58] block: 53,842	epoch: 0	 job target: 0x000000000880793d
[2025-02-19 08:51:59] new job from koala.straffesites.be:3333 diff 129.33G
[2025-02-19 08:51:59] block: 53,842	epoch: 0	 job target: 0x000000000880793d
[2025-02-19 08:52:00] new job from koala.straffesites.be:3333 diff 129.33G
[2025-02-19 08:52:00] block: 53,842	epoch: 0	 job target: 0x000000000880793d
[2025-02-19 08:52:02] new job from koala.straffesites.be:3333 diff 129.33G
[2025-02-19 08:52:02] block: 53,842	epoch: 0	 job target: 0x000000000880793d
[2025-02-19 08:52:02] new job from koala.straffesites.be:3333 diff 129.33G
[2025-02-19 08:52:02] block: 53,842	epoch: 0	 job target: 0x000000000880793d
[2025-02-19 08:52:03] new job from koala.straffesites.be:3333 diff 129.33G
[2025-02-19 08:52:03] block: 53,842	epoch: 0	 job target: 0x000000000880793d
[2025-02-19 08:52:04] new job from koala.straffesites.be:3333 diff 129.44G
[2025-02-19 08:52:04] block: 53,842	epoch: 0	 job target: 0x00000000087e868c
[2025-02-19 08:52:04] new job from koala.straffesites.be:3333 diff 129.44G
[2025-02-19 08:52:04] block: 53,842	epoch: 0	 job target: 0x00000000087e868c
[2025-02-19 08:52:06] new job from koala.straffesites.be:3333 diff 129.44G
[2025-02-19 08:52:06] block: 53,842	epoch: 0	 job target: 0x00000000087e868c
[2025-02-19 08:52:06] new job from koala.straffesites.be:3333 diff 129.44G
[2025-02-19 08:52:06] block: 53,842	epoch: 0	 job target: 0x00000000087e868c
[2025-02-19 08:52:08] new job from koala.straffesites.be:3333 diff 129.44G
[2025-02-19 08:52:08] block: 53,842	epoch: 0	 job target: 0x00000000087e868c
[2025-02-19 08:52:08] new job from koala.straffesites.be:3333 diff 129.44G
[2025-02-19 08:52:08] block: 53,842	epoch: 0	 job target: 0x00000000087e868c
[2025-02-19 08:52:09] new job from koala.straffesites.be:3333 diff 129.29G
[2025-02-19 08:52:09] block: 53,843	epoch: 0	 job target: 0x0000000008812043
[2025-02-19 08:52:10] new job from koala.straffesites.be:3333 diff 129.29G
[2025-02-19 08:52:10] block: 53,843	epoch: 0	 job target: 0x0000000008812043
[2025-02-19 08:52:10] new job from koala.straffesites.be:3333 diff 129.29G
[2025-02-19 08:52:10] block: 53,843	epoch: 0	 job target: 0x0000000008812043
[2025-02-19 08:52:11] new job from koala.straffesites.be:3333 diff 129.29G
[2025-02-19 08:52:11] block: 53,843	epoch: 0	 job target: 0x0000000008812043
[2025-02-19 08:52:12] new job from koala.straffesites.be:3333 diff 129.29G
[2025-02-19 08:52:12] block: 53,843	epoch: 0	 job target: 0x0000000008812043
[2025-02-19 08:52:13] new job from koala.straffesites.be:3333 diff 129.40G
[2025-02-19 08:52:13] block: 53,843	epoch: 0	 job target: 0x00000000087f2d6c
[2025-02-19 08:52:14] new job from koala.straffesites.be:3333 diff 129.40G
[2025-02-19 08:52:14] block: 53,843	epoch: 0	 job target: 0x00000000087f2d6c
[2025-02-19 08:52:14] new job from koala.straffesites.be:3333 diff 129.40G
[2025-02-19 08:52:14] block: 53,843	epoch: 0	 job target: 0x00000000087f2d6c
[2025-02-19 08:52:15] new job from koala.straffesites.be:3333 diff 129.52G
[2025-02-19 08:52:15] block: 53,843	epoch: 0	 job target: 0x00000000087d3b07
[2025-02-19 08:52:16] new job from koala.straffesites.be:3333 diff 129.52G
[2025-02-19 08:52:16] block: 53,843	epoch: 0	 job target: 0x00000000087d3b07
[2025-02-19 08:52:16] new job from koala.straffesites.be:3333 diff 129.52G
[2025-02-19 08:52:16] block: 53,843	epoch: 0	 job target: 0x00000000087d3b07
[2025-02-19 08:52:18] new job from koala.straffesites.be:3333 diff 129.52G
[2025-02-19 08:52:18] block: 53,843	epoch: 0	 job target: 0x00000000087d3b07
[2025-02-19 08:52:18] new job from koala.straffesites.be:3333 diff 129.52G
[2025-02-19 08:52:18] block: 53,843	epoch: 0	 job target: 0x00000000087d3b07
[2025-02-19 08:52:19] new job from koala.straffesites.be:3333 diff 129.52G
[2025-02-19 08:52:19] block: 53,843	epoch: 0	 job target: 0x00000000087d3b07
[2025-02-19 08:52:19] new job from koala.straffesites.be:3333 diff 129.64G
[2025-02-19 08:52:19] block: 53,843	epoch: 0	 job target: 0x00000000087b4914
[2025-02-19 08:52:20] new job from koala.straffesites.be:3333 diff 129.64G
[2025-02-19 08:52:20] block: 53,843	epoch: 0	 job target: 0x00000000087b4914
[2025-02-19 08:52:20] -------------------------------------[Statistics]-------------------------------------
[2025-02-19 08:52:20]  ID Name                         Hashrate Temp  Fan  Pwr   Eff CClk MClk     A   R   I
[2025-02-19 08:52:20] --------------------------------------------------------------------------------------
[2025-02-19 08:52:20]  #0 Radeon (TM) Pro VII        22.22 MH/s  87C  36%  err 0.005  857 1000     -   -   - 
[2025-02-19 08:52:20]  #1 Radeon (TM) Pro VII        26.03 MH/s  85C  36%  err 0.006 1259 1000     -   -   - 
[2025-02-19 08:52:20]  #2 Radeon (TM) Pro VII        29.39 MH/s  86C  37%  err 0.007 1299 1000     -   -   - 
[2025-02-19 08:52:20]  #3 Radeon (TM) Pro VII        28.92 MH/s  75C  20%  err 0.007 1292 1000     -   -   - 
[2025-02-19 08:52:20] --------------------------------------------------------------------------------------
[2025-02-19 08:52:20]  10s:                         106.56 MH/s Power:  17176W            Accepted:        -
[2025-02-19 08:52:20]  60s:                         105.73 MH/s                           Rejected:        -
[2025-02-19 08:52:20]  15m:                            n/a MH/s                           Ignored:         -
[2025-02-19 08:52:20] [0 days 00:01:59]---------------------------------------------------------------------
[2025-02-19 08:52:20] new job from koala.straffesites.be:3333 diff 129.67G
[2025-02-19 08:52:20] block: 53,843	epoch: 0	 job target: 0x00000000087aa326
[2025-02-19 08:52:20] new job from koala.straffesites.be:3333 diff 129.67G
[2025-02-19 08:52:20] block: 53,843	epoch: 0	 job target: 0x00000000087aa326
[2025-02-19 08:52:21] new job from koala.straffesites.be:3333 diff 129.67G
[2025-02-19 08:52:21] block: 53,843	epoch: 0	 job target: 0x00000000087aa326
[2025-02-19 08:52:22] new job from koala.straffesites.be:3333 diff 129.67G
[2025-02-19 08:52:22] block: 53,843	epoch: 0	 job target: 0x00000000087aa326
[2025-02-19 08:52:22] new job from koala.straffesites.be:3333 diff 129.67G
[2025-02-19 08:52:22] block: 53,843	epoch: 0	 job target: 0x00000000087aa326
[2025-02-19 08:52:23] new job from koala.straffesites.be:3333 diff 129.67G
[2025-02-19 08:52:23] block: 53,843	epoch: 0	 job target: 0x00000000087aa326
[2025-02-19 08:52:23] new job from koala.straffesites.be:3333 diff 129.83G
[2025-02-19 08:52:23] block: 53,843	epoch: 0	 job target: 0x0000000008780c35
[2025-02-19 08:52:24] new job from koala.straffesites.be:3333 diff 129.83G
[2025-02-19 08:52:24] block: 53,843	epoch: 0	 job target: 0x0000000008780c35
[2025-02-19 08:52:24] new job from koala.straffesites.be:3333 diff 129.83G
[2025-02-19 08:52:24] block: 53,843	epoch: 0	 job target: 0x0000000008780c35
[2025-02-19 08:52:25] new job from koala.straffesites.be:3333 diff 129.87G
[2025-02-19 08:52:25] block: 53,843	epoch: 0	 job target: 0x0000000008776685
[2025-02-19 08:52:26] new job from koala.straffesites.be:3333 diff 129.87G
[2025-02-19 08:52:26] block: 53,843	epoch: 0	 job target: 0x0000000008776685
[2025-02-19 08:52:26] new job from koala.straffesites.be:3333 diff 129.87G
[2025-02-19 08:52:26] block: 53,843	epoch: 0	 job target: 0x0000000008776685
[2025-02-19 08:52:27] new job from koala.straffesites.be:3333 diff 129.87G
[2025-02-19 08:52:27] block: 53,843	epoch: 0	 job target: 0x0000000008776685
[2025-02-19 08:52:28] new job from koala.straffesites.be:3333 diff 129.87G
[2025-02-19 08:52:28] block: 53,843	epoch: 0	 job target: 0x0000000008776685
[2025-02-19 08:52:28] new job from koala.straffesites.be:3333 diff 129.95G
[2025-02-19 08:52:28] block: 53,843	epoch: 0	 job target: 0x0000000008761b59
[2025-02-19 08:52:28] new job from koala.straffesites.be:3333 diff 129.95G
[2025-02-19 08:52:28] block: 53,843	epoch: 0	 job target: 0x0000000008761b59
[2025-02-19 08:52:29] new job from koala.straffesites.be:3333 diff 129.95G
[2025-02-19 08:52:29] block: 53,843	epoch: 0	 job target: 0x0000000008761b59
[2025-02-19 08:52:30] new job from koala.straffesites.be:3333 diff 129.95G
[2025-02-19 08:52:30] block: 53,843	epoch: 0	 job target: 0x0000000008761b59
[2025-02-19 08:52:30] new job from koala.straffesites.be:3333 diff 129.95G
[2025-02-19 08:52:30] block: 53,843	epoch: 0	 job target: 0x0000000008761b59
[2025-02-19 08:52:31] new job from koala.straffesites.be:3333 diff 129.95G
[2025-02-19 08:52:31] block: 53,843	epoch: 0	 job target: 0x0000000008761b59
[2025-02-19 08:52:32] new job from koala.straffesites.be:3333 diff 130.10G
[2025-02-19 08:52:32] block: 53,843	epoch: 0	 job target: 0x00000000087385ca
[2025-02-19 08:52:32] new job from koala.straffesites.be:3333 diff 130.10G
[2025-02-19 08:52:32] block: 53,843	epoch: 0	 job target: 0x00000000087385ca
[2025-02-19 08:52:33] new job from koala.straffesites.be:3333 diff 130.10G
[2025-02-19 08:52:33] block: 53,843	epoch: 0	 job target: 0x00000000087385ca
[2025-02-19 08:52:33] new job from koala.straffesites.be:3333 diff 130.14G
[2025-02-19 08:52:33] block: 53,843	epoch: 0	 job target: 0x000000000872e073
[2025-02-19 08:52:34] new job from koala.straffesites.be:3333 diff 130.14G
[2025-02-19 08:52:34] block: 53,843	epoch: 0	 job target: 0x000000000872e073
[2025-02-19 08:52:34] new job from koala.straffesites.be:3333 diff 130.14G
[2025-02-19 08:52:34] block: 53,843	epoch: 0	 job target: 0x000000000872e073
[2025-02-19 08:52:35] new job from koala.straffesites.be:3333 diff 130.14G
[2025-02-19 08:52:35] block: 53,843	epoch: 0	 job target: 0x000000000872e073
[2025-02-19 08:52:36] new job from koala.straffesites.be:3333 diff 130.29G
[2025-02-19 08:52:36] block: 53,843	epoch: 0	 job target: 0x0000000008704be1
[2025-02-19 08:52:36] new job from koala.straffesites.be:3333 diff 130.29G
[2025-02-19 08:52:36] block: 53,843	epoch: 0	 job target: 0x0000000008704be1
[2025-02-19 08:52:37] new job from koala.straffesites.be:3333 diff 130.29G
[2025-02-19 08:52:37] block: 53,843	epoch: 0	 job target: 0x0000000008704be1
[2025-02-19 08:52:38] new job from koala.straffesites.be:3333 diff 130.33G
[2025-02-19 08:52:38] block: 53,843	epoch: 0	 job target: 0x00000000086fa6c9
[2025-02-19 08:52:38] new job from koala.straffesites.be:3333 diff 130.49G
[2025-02-19 08:52:38] block: 53,843	epoch: 0	 job target: 0x00000000086d1333
[2025-02-19 08:52:39] new job from koala.straffesites.be:3333 diff 130.49G
[2025-02-19 08:52:39] block: 53,843	epoch: 0	 job target: 0x00000000086d1333
[2025-02-19 08:52:40] new job from koala.straffesites.be:3333 diff 130.49G
[2025-02-19 08:52:40] block: 53,843	epoch: 0	 job target: 0x00000000086d1333
[2025-02-19 08:52:40] new job from koala.straffesites.be:3333 diff 130.49G
[2025-02-19 08:52:40] block: 53,843	epoch: 0	 job target: 0x00000000086d1333
[2025-02-19 08:52:41] new job from koala.straffesites.be:3333 diff 130.49G
[2025-02-19 08:52:41] block: 53,843	epoch: 0	 job target: 0x00000000086d1333
[2025-02-19 08:52:42] new job from koala.straffesites.be:3333 diff 130.49G
[2025-02-19 08:52:42] block: 53,843	epoch: 0	 job target: 0x00000000086d1333
[2025-02-19 08:52:42] new job from koala.straffesites.be:3333 diff 130.49G
[2025-02-19 08:52:42] block: 53,843	epoch: 0	 job target: 0x00000000086d1333
[2025-02-19 08:52:43] new job from koala.straffesites.be:3333 diff 130.49G
[2025-02-19 08:52:43] block: 53,843	epoch: 0	 job target: 0x00000000086d1333
[2025-02-19 08:52:44] new job from koala.straffesites.be:3333 diff 130.49G
[2025-02-19 08:52:44] block: 53,843	epoch: 0	 job target: 0x00000000086d1333
[2025-02-19 08:52:44] new job from koala.straffesites.be:3333 diff 130.49G
[2025-02-19 08:52:44] block: 53,843	epoch: 0	 job target: 0x00000000086d1333
[2025-02-19 08:52:45] new job from koala.straffesites.be:3333 diff 130.49G
[2025-02-19 08:52:45] block: 53,843	epoch: 0	 job target: 0x00000000086d1333
[2025-02-19 08:52:46] new job from koala.straffesites.be:3333 diff 130.49G
[2025-02-19 08:52:46] block: 53,843	epoch: 0	 job target: 0x00000000086d1333
[2025-02-19 08:52:46] new job from koala.straffesites.be:3333 diff 130.49G
[2025-02-19 08:52:46] block: 53,843	epoch: 0	 job target: 0x00000000086d1333
[2025-02-19 08:52:47] new job from koala.straffesites.be:3333 diff 130.49G
[2025-02-19 08:52:47] block: 53,843	epoch: 0	 job target: 0x00000000086d1333
[2025-02-19 08:52:47] new job from koala.straffesites.be:3333 diff 130.33G
[2025-02-19 08:52:47] block: 53,843	epoch: 0	 job target: 0x00000000086fa793
[2025-02-19 08:52:48] new job from koala.straffesites.be:3333 diff 130.33G
[2025-02-19 08:52:48] block: 53,843	epoch: 0	 job target: 0x00000000086fa793
[2025-02-19 08:52:48] new job from koala.straffesites.be:3333 diff 130.33G
[2025-02-19 08:52:48] block: 53,843	epoch: 0	 job target: 0x00000000086fa793
[2025-02-19 08:52:50] new job from koala.straffesites.be:3333 diff 130.33G
[2025-02-19 08:52:50] block: 53,843	epoch: 0	 job target: 0x00000000086fa793
[2025-02-19 08:52:50] new job from koala.straffesites.be:3333 diff 130.33G
[2025-02-19 08:52:50] block: 53,843	epoch: 0	 job target: 0x00000000086fa793
[2025-02-19 08:52:50] new job from koala.straffesites.be:3333 diff 130.33G
[2025-02-19 08:52:50] block: 53,843	epoch: 0	 job target: 0x00000000086fa793
[2025-02-19 08:52:51] new job from koala.straffesites.be:3333 diff 130.33G
[2025-02-19 08:52:51] block: 53,843	epoch: 0	 job target: 0x00000000086fa793
[2025-02-19 08:52:52] new job from koala.straffesites.be:3333 diff 130.33G
[2025-02-19 08:52:52] block: 53,843	epoch: 0	 job target: 0x00000000086fa793
[2025-02-19 08:52:53] new job from koala.straffesites.be:3333 diff 130.33G
[2025-02-19 08:52:53] block: 53,843	epoch: 0	 job target: 0x00000000086fa793
[2025-02-19 08:52:54] new job from koala.straffesites.be:3333 diff 130.33G
[2025-02-19 08:52:54] block: 53,843	epoch: 0	 job target: 0x00000000086fa793
[2025-02-19 08:52:54] new job from koala.straffesites.be:3333 diff 130.33G
[2025-02-19 08:52:54] block: 53,843	epoch: 0	 job target: 0x00000000086fa793
[2025-02-19 08:52:55] new job from koala.straffesites.be:3333 diff 130.53G
[2025-02-19 08:52:55] block: 53,843	epoch: 0	 job target: 0x00000000086c6f56
[2025-02-19 08:52:56] new job from koala.straffesites.be:3333 diff 130.53G
[2025-02-19 08:52:56] block: 53,843	epoch: 0	 job target: 0x00000000086c6f56
[2025-02-19 08:52:56] new job from koala.straffesites.be:3333 diff 130.53G
[2025-02-19 08:52:56] block: 53,843	epoch: 0	 job target: 0x00000000086c6f56
[2025-02-19 08:52:58] new job from koala.straffesites.be:3333 diff 130.53G
[2025-02-19 08:52:58] block: 53,843	epoch: 0	 job target: 0x00000000086c6f56
[2025-02-19 08:52:58] new job from koala.straffesites.be:3333 diff 130.53G
[2025-02-19 08:52:58] block: 53,843	epoch: 0	 job target: 0x00000000086c6f56
[2025-02-19 08:52:59] new job from koala.straffesites.be:3333 diff 130.53G
[2025-02-19 08:52:59] block: 53,843	epoch: 0	 job target: 0x00000000086c6f56
[2025-02-19 08:53:00] new job from koala.straffesites.be:3333 diff 130.53G
[2025-02-19 08:53:00] block: 53,843	epoch: 0	 job target: 0x00000000086c6f56
[2025-02-19 08:53:02] new job from koala.straffesites.be:3333 diff 130.53G
[2025-02-19 08:53:02] block: 53,843	epoch: 0	 job target: 0x00000000086c6f56
[2025-02-19 08:53:02] new job from koala.straffesites.be:3333 diff 130.53G
[2025-02-19 08:53:02] block: 53,843	epoch: 0	 job target: 0x00000000086c6f56
[2025-02-19 08:53:03] new job from koala.straffesites.be:3333 diff 130.53G
[2025-02-19 08:53:03] block: 53,843	epoch: 0	 job target: 0x00000000086c6f56
[2025-02-19 08:53:04] new job from koala.straffesites.be:3333 diff 130.41G
[2025-02-19 08:53:04] block: 53,844	epoch: 0	 job target: 0x00000000086e5e53
[2025-02-19 08:53:04] new job from koala.straffesites.be:3333 diff 130.41G
[2025-02-19 08:53:04] block: 53,844	epoch: 0	 job target: 0x00000000086e5e53
[2025-02-19 08:53:05] new job from koala.straffesites.be:3333 diff 130.29G
[2025-02-19 08:53:05] block: 53,844	epoch: 0	 job target: 0x0000000008704dc1
[2025-02-19 08:53:06] new job from koala.straffesites.be:3333 diff 130.29G
[2025-02-19 08:53:06] block: 53,844	epoch: 0	 job target: 0x0000000008704dc1
[2025-02-19 08:53:06] new job from koala.straffesites.be:3333 diff 130.29G
[2025-02-19 08:53:06] block: 53,844	epoch: 0	 job target: 0x0000000008704dc1
[2025-02-19 08:53:07] new job from koala.straffesites.be:3333 diff 130.29G
[2025-02-19 08:53:07] block: 53,844	epoch: 0	 job target: 0x0000000008704dc1
[2025-02-19 08:53:08] new job from koala.straffesites.be:3333 diff 130.29G
[2025-02-19 08:53:08] block: 53,844	epoch: 0	 job target: 0x0000000008704dc1
[2025-02-19 08:53:08] new job from koala.straffesites.be:3333 diff 130.29G
[2025-02-19 08:53:08] block: 53,844	epoch: 0	 job target: 0x0000000008704dc1
[2025-02-19 08:53:09] new job from koala.straffesites.be:3333 diff 130.29G
[2025-02-19 08:53:09] block: 53,844	epoch: 0	 job target: 0x0000000008704dc1
[2025-02-19 08:53:09] new job from koala.straffesites.be:3333 diff 130.41G
[2025-02-19 08:53:09] block: 53,844	epoch: 0	 job target: 0x00000000086e5ec4
[2025-02-19 08:53:10] new job from koala.straffesites.be:3333 diff 130.41G
[2025-02-19 08:53:10] block: 53,844	epoch: 0	 job target: 0x00000000086e5ec4
[2025-02-19 08:53:10] new job from koala.straffesites.be:3333 diff 130.41G
[2025-02-19 08:53:10] block: 53,844	epoch: 0	 job target: 0x00000000086e5ec4
[2025-02-19 08:53:12] new job from koala.straffesites.be:3333 diff 130.41G
[2025-02-19 08:53:12] block: 53,844	epoch: 0	 job target: 0x00000000086e5ec4
[2025-02-19 08:53:12] new job from koala.straffesites.be:3333 diff 130.41G
[2025-02-19 08:53:12] block: 53,844	epoch: 0	 job target: 0x00000000086e5ec4
[2025-02-19 08:53:14] new job from koala.straffesites.be:3333 diff 130.41G
[2025-02-19 08:53:14] block: 53,844	epoch: 0	 job target: 0x00000000086e5ec4
[2025-02-19 08:53:14] new job from koala.straffesites.be:3333 diff 130.41G
[2025-02-19 08:53:14] block: 53,844	epoch: 0	 job target: 0x00000000086e5ec4
[2025-02-19 08:53:16] new job from koala.straffesites.be:3333 diff 130.41G
[2025-02-19 08:53:16] block: 53,844	epoch: 0	 job target: 0x00000000086e5ec4
[2025-02-19 08:53:16] new job from koala.straffesites.be:3333 diff 130.41G
[2025-02-19 08:53:16] block: 53,844	epoch: 0	 job target: 0x00000000086e5ec4
[2025-02-19 08:53:18] new job from koala.straffesites.be:3333 diff 130.41G
[2025-02-19 08:53:18] block: 53,844	epoch: 0	 job target: 0x00000000086e5ec4
[2025-02-19 08:53:19] new job from koala.straffesites.be:3333 diff 130.14G
[2025-02-19 08:53:19] block: 53,844	epoch: 0	 job target: 0x000000000872e427
[2025-02-19 08:53:19] new job from koala.straffesites.be:3333 diff 130.14G
[2025-02-19 08:53:19] block: 53,844	epoch: 0	 job target: 0x000000000872e427
[2025-02-19 08:53:20] -------------------------------------[Statistics]-------------------------------------
[2025-02-19 08:53:20]  ID Name                         Hashrate Temp  Fan  Pwr   Eff CClk MClk     A   R   I
[2025-02-19 08:53:20] --------------------------------------------------------------------------------------
[2025-02-19 08:53:20]  #0 Radeon (TM) Pro VII        21.96 MH/s  87C  36%  err 0.005  856 1000     -   -   - 
[2025-02-19 08:53:20]  #1 Radeon (TM) Pro VII        26.08 MH/s  85C  36%  err 0.006 1148 1000     -   -   - 
[2025-02-19 08:53:20]  #2 Radeon (TM) Pro VII        29.28 MH/s  87C  36%  err 0.007 1299 1000     -   -   - 
[2025-02-19 08:53:20]  #3 Radeon (TM) Pro VII        28.83 MH/s  77C   9%  err 0.007 1247 1000     -   -   - 
[2025-02-19 08:53:20] --------------------------------------------------------------------------------------
[2025-02-19 08:53:20]  10s:                         106.14 MH/s Power:  17176W            Accepted:        -
[2025-02-19 08:53:20]  60s:                         104.90 MH/s                           Rejected:        -
[2025-02-19 08:53:20]  15m:                            n/a MH/s                           Ignored:         -
[2025-02-19 08:53:20] [0 days 00:02:59]---------------------------------------------------------------------
[2025-02-19 08:53:20] new job from koala.straffesites.be:3333 diff 130.14G
[2025-02-19 08:53:20] block: 53,844	epoch: 0	 job target: 0x000000000872e427
[2025-02-19 08:53:20] new job from koala.straffesites.be:3333 diff 130.14G
[2025-02-19 08:53:20] block: 53,844	epoch: 0	 job target: 0x000000000872e427
[2025-02-19 08:53:21] new job from koala.straffesites.be:3333 diff 130.14G
[2025-02-19 08:53:21] block: 53,844	epoch: 0	 job target: 0x000000000872e427
[2025-02-19 08:53:22] new job from koala.straffesites.be:3333 diff 130.29G
[2025-02-19 08:53:22] block: 53,844	epoch: 0	 job target: 0x0000000008704f94
[2025-02-19 08:53:23] new job from koala.straffesites.be:3333 diff 130.29G
[2025-02-19 08:53:23] block: 53,844	epoch: 0	 job target: 0x0000000008704f94
[2025-02-19 08:53:24] new job from koala.straffesites.be:3333 diff 130.29G
[2025-02-19 08:53:24] block: 53,844	epoch: 0	 job target: 0x0000000008704f94
[2025-02-19 08:53:24] new job from koala.straffesites.be:3333 diff 130.29G
[2025-02-19 08:53:24] block: 53,844	epoch: 0	 job target: 0x0000000008704f94
[2025-02-19 08:53:25] new job from koala.straffesites.be:3333 diff 130.29G
[2025-02-19 08:53:25] block: 53,844	epoch: 0	 job target: 0x0000000008704f94
[2025-02-19 08:53:26] new job from koala.straffesites.be:3333 diff 130.29G
[2025-02-19 08:53:26] block: 53,844	epoch: 0	 job target: 0x0000000008704f94
[2025-02-19 08:53:26] new job from koala.straffesites.be:3333 diff 130.29G
[2025-02-19 08:53:26] block: 53,844	epoch: 0	 job target: 0x0000000008704f94
[2025-02-19 08:53:28] new job from koala.straffesites.be:3333 diff 130.41G
[2025-02-19 08:53:28] block: 53,844	epoch: 0	 job target: 0x00000000086e6097
[2025-02-19 08:53:28] new job from koala.straffesites.be:3333 diff 130.41G
[2025-02-19 08:53:28] block: 53,844	epoch: 0	 job target: 0x00000000086e6097
[2025-02-19 08:53:29] new job from koala.straffesites.be:3333 diff 130.41G
[2025-02-19 08:53:29] block: 53,844	epoch: 0	 job target: 0x00000000086e6097
[2025-02-19 08:53:29] new job from koala.straffesites.be:3333 diff 130.49G
[2025-02-19 08:53:29] block: 53,844	epoch: 0	 job target: 0x00000000086d16cc
[2025-02-19 08:53:30] new job from koala.straffesites.be:3333 diff 130.49G
[2025-02-19 08:53:30] block: 53,844	epoch: 0	 job target: 0x00000000086d16cc
[2025-02-19 08:53:30] new job from koala.straffesites.be:3333 diff 130.49G
[2025-02-19 08:53:30] block: 53,844	epoch: 0	 job target: 0x00000000086d16cc
[2025-02-19 08:53:31] new job from koala.straffesites.be:3333 diff 130.61G
[2025-02-19 08:53:31] block: 53,844	epoch: 0	 job target: 0x00000000086b288c
[2025-02-19 08:53:32] new job from koala.straffesites.be:3333 diff 130.61G
[2025-02-19 08:53:32] block: 53,844	epoch: 0	 job target: 0x00000000086b288c
[2025-02-19 08:53:32] new job from koala.straffesites.be:3333 diff 130.61G
[2025-02-19 08:53:32] block: 53,844	epoch: 0	 job target: 0x00000000086b288c
[2025-02-19 08:53:33] new job from koala.straffesites.be:3333 diff 130.61G
[2025-02-19 08:53:33] block: 53,844	epoch: 0	 job target: 0x00000000086b288c
[2025-02-19 08:53:34] new job from koala.straffesites.be:3333 diff 130.61G
[2025-02-19 08:53:34] block: 53,844	epoch: 0	 job target: 0x00000000086b288c
[2025-02-19 08:53:35] new job from koala.straffesites.be:3333 diff 130.61G
[2025-02-19 08:53:35] block: 53,844	epoch: 0	 job target: 0x00000000086b288c
[2025-02-19 08:53:36] new job from koala.straffesites.be:3333 diff 130.76G
[2025-02-19 08:53:36] block: 53,844	epoch: 0	 job target: 0x0000000008689655
[2025-02-19 08:53:36] new job from koala.straffesites.be:3333 diff 130.76G
[2025-02-19 08:53:36] block: 53,845	epoch: 0	 job target: 0x0000000008689655
[2025-02-19 08:53:36] new job from koala.straffesites.be:3333 diff 130.76G
[2025-02-19 08:53:36] block: 53,845	epoch: 0	 job target: 0x0000000008689655
[2025-02-19 08:53:37] new job from koala.straffesites.be:3333 diff 130.76G
[2025-02-19 08:53:37] block: 53,845	epoch: 0	 job target: 0x0000000008689655
[2025-02-19 08:53:37] new job from koala.straffesites.be:3333 diff 130.76G
[2025-02-19 08:53:37] block: 53,845	epoch: 0	 job target: 0x0000000008689655
[2025-02-19 08:53:38] new job from koala.straffesites.be:3333 diff 130.76G
[2025-02-19 08:53:38] block: 53,845	epoch: 0	 job target: 0x0000000008689655
[2025-02-19 08:53:39] new job from koala.straffesites.be:3333 diff 130.76G
[2025-02-19 08:53:39] block: 53,845	epoch: 0	 job target: 0x0000000008689655
[2025-02-19 08:53:40] new job from koala.straffesites.be:3333 diff 130.76G
[2025-02-19 08:53:40] block: 53,845	epoch: 0	 job target: 0x0000000008689655
[2025-02-19 08:53:40] new job from koala.straffesites.be:3333 diff 130.92G
[2025-02-19 08:53:40] block: 53,845	epoch: 0	 job target: 0x00000000086604e7
[2025-02-19 08:53:40] new job from koala.straffesites.be:3333 diff 130.92G
[2025-02-19 08:53:40] block: 53,845	epoch: 0	 job target: 0x00000000086604e7
[2025-02-19 08:53:41] new job from koala.straffesites.be:3333 diff 130.92G
[2025-02-19 08:53:41] block: 53,845	epoch: 0	 job target: 0x00000000086604e7
[2025-02-19 08:53:42] new job from koala.straffesites.be:3333 diff 130.92G
[2025-02-19 08:53:42] block: 53,845	epoch: 0	 job target: 0x00000000086604e7
[2025-02-19 08:53:43] new job from koala.straffesites.be:3333 diff 130.92G
[2025-02-19 08:53:43] block: 53,845	epoch: 0	 job target: 0x00000000086604e7
[2025-02-19 08:53:44] new job from koala.straffesites.be:3333 diff 130.92G
[2025-02-19 08:53:44] block: 53,845	epoch: 0	 job target: 0x00000000086604e7
[2025-02-19 08:53:44] new job from koala.straffesites.be:3333 diff 130.92G
[2025-02-19 08:53:44] block: 53,845	epoch: 0	 job target: 0x00000000086604e7
[2025-02-19 08:53:45] new job from koala.straffesites.be:3333 diff 130.92G
[2025-02-19 08:53:45] block: 53,845	epoch: 0	 job target: 0x00000000086604e7
[2025-02-19 08:53:46] new job from koala.straffesites.be:3333 diff 130.92G
[2025-02-19 08:53:46] block: 53,845	epoch: 0	 job target: 0x00000000086604e7
[2025-02-19 08:53:47] new job from koala.straffesites.be:3333 diff 131.00G
[2025-02-19 08:53:47] block: 53,845	epoch: 0	 job target: 0x000000000864bc63
[2025-02-19 08:53:48] new job from koala.straffesites.be:3333 diff 131.00G
[2025-02-19 08:53:48] block: 53,845	epoch: 0	 job target: 0x000000000864bc63
[2025-02-19 08:53:48] new job from koala.straffesites.be:3333 diff 131.00G
[2025-02-19 08:53:48] block: 53,845	epoch: 0	 job target: 0x000000000864bc63
[2025-02-19 08:53:49] new job from koala.straffesites.be:3333 diff 131.00G
[2025-02-19 08:53:49] block: 53,845	epoch: 0	 job target: 0x000000000864bc63
[2025-02-19 08:53:50] new job from koala.straffesites.be:3333 diff 131.00G
[2025-02-19 08:53:50] block: 53,845	epoch: 0	 job target: 0x000000000864bc63
[2025-02-19 08:53:50] new job from koala.straffesites.be:3333 diff 131.00G
[2025-02-19 08:53:50] block: 53,845	epoch: 0	 job target: 0x000000000864bc63
[2025-02-19 08:53:51] new job from koala.straffesites.be:3333 diff 131.00G
[2025-02-19 08:53:51] block: 53,845	epoch: 0	 job target: 0x000000000864bc63
[2025-02-19 08:53:52] new job from koala.straffesites.be:3333 diff 131.00G
[2025-02-19 08:53:52] block: 53,845	epoch: 0	 job target: 0x000000000864bc63
[2025-02-19 08:53:52] new job from koala.straffesites.be:3333 diff 131.00G
[2025-02-19 08:53:52] block: 53,845	epoch: 0	 job target: 0x000000000864bc63
[2025-02-19 08:53:53] new job from koala.straffesites.be:3333 diff 131.00G
[2025-02-19 08:53:53] block: 53,845	epoch: 0	 job target: 0x000000000864bc63
[2025-02-19 08:53:54] new job from koala.straffesites.be:3333 diff 131.00G
[2025-02-19 08:53:54] block: 53,845	epoch: 0	 job target: 0x000000000864bc63
[2025-02-19 08:53:54] new job from koala.straffesites.be:3333 diff 131.00G
[2025-02-19 08:53:54] block: 53,845	epoch: 0	 job target: 0x000000000864bc63
[2025-02-19 08:53:55] new job from koala.straffesites.be:3333 diff 131.00G
[2025-02-19 08:53:55] block: 53,845	epoch: 0	 job target: 0x000000000864bc63
[2025-02-19 08:53:56] new job from koala.straffesites.be:3333 diff 131.00G
[2025-02-19 08:53:56] block: 53,845	epoch: 0	 job target: 0x000000000864bc63
[2025-02-19 08:53:56] new job from koala.straffesites.be:3333 diff 131.00G
[2025-02-19 08:53:56] block: 53,845	epoch: 0	 job target: 0x000000000864bc63
[2025-02-19 08:53:58] new job from koala.straffesites.be:3333 diff 131.00G
[2025-02-19 08:53:58] block: 53,845	epoch: 0	 job target: 0x000000000864bc63
[2025-02-19 08:53:58] new job from koala.straffesites.be:3333 diff 130.49G
[2025-02-19 08:53:58] block: 53,845	epoch: 0	 job target: 0x00000000086d1c13
[2025-02-19 08:53:58] new job from koala.straffesites.be:3333 diff 130.49G
[2025-02-19 08:53:58] block: 53,845	epoch: 0	 job target: 0x00000000086d1c13
[2025-02-19 08:53:59] new job from koala.straffesites.be:3333 diff 130.49G
[2025-02-19 08:53:59] block: 53,845	epoch: 0	 job target: 0x00000000086d1c13
[2025-02-19 08:54:00] new job from koala.straffesites.be:3333 diff 130.49G
[2025-02-19 08:54:00] block: 53,845	epoch: 0	 job target: 0x00000000086d1c13
[2025-02-19 08:54:00] new job from koala.straffesites.be:3333 diff 130.49G
[2025-02-19 08:54:00] block: 53,845	epoch: 0	 job target: 0x00000000086d1c13
[2025-02-19 08:54:01] new job from koala.straffesites.be:3333 diff 130.49G
[2025-02-19 08:54:01] block: 53,845	epoch: 0	 job target: 0x00000000086d1c13
[2025-02-19 08:54:02] new job from koala.straffesites.be:3333 diff 130.49G
[2025-02-19 08:54:02] block: 53,845	epoch: 0	 job target: 0x00000000086d1c13
[2025-02-19 08:54:02] new job from koala.straffesites.be:3333 diff 130.49G
[2025-02-19 08:54:02] block: 53,845	epoch: 0	 job target: 0x00000000086d1c13
[2025-02-19 08:54:04] new job from koala.straffesites.be:3333 diff 130.53G
[2025-02-19 08:54:04] block: 53,846	epoch: 0	 job target: 0x00000000086c7739
[2025-02-19 08:54:05] new job from koala.straffesites.be:3333 diff 130.53G
[2025-02-19 08:54:05] block: 53,846	epoch: 0	 job target: 0x00000000086c7739
[2025-02-19 08:54:06] new job from koala.straffesites.be:3333 diff 130.53G
[2025-02-19 08:54:06] block: 53,846	epoch: 0	 job target: 0x00000000086c7739
[2025-02-19 08:54:07] new job from koala.straffesites.be:3333 diff 130.53G
[2025-02-19 08:54:07] block: 53,846	epoch: 0	 job target: 0x00000000086c7739
[2025-02-19 08:54:08] new job from koala.straffesites.be:3333 diff 130.53G
[2025-02-19 08:54:08] block: 53,846	epoch: 0	 job target: 0x00000000086c7739
[2025-02-19 08:54:08] new job from koala.straffesites.be:3333 diff 130.53G
[2025-02-19 08:54:08] block: 53,846	epoch: 0	 job target: 0x00000000086c7739
[2025-02-19 08:54:09] new job from koala.straffesites.be:3333 diff 130.64G
[2025-02-19 08:54:09] block: 53,846	epoch: 0	 job target: 0x00000000086a891e
[2025-02-19 08:54:10] new job from koala.straffesites.be:3333 diff 130.64G
[2025-02-19 08:54:10] block: 53,846	epoch: 0	 job target: 0x00000000086a891e
[2025-02-19 08:54:10] new job from koala.straffesites.be:3333 diff 130.64G
[2025-02-19 08:54:10] block: 53,846	epoch: 0	 job target: 0x00000000086a891e
[2025-02-19 08:54:11] new job from koala.straffesites.be:3333 diff 130.60G
[2025-02-19 08:54:11] block: 53,846	epoch: 0	 job target: 0x00000000086b2dde
[2025-02-19 08:54:12] new job from koala.straffesites.be:3333 diff 130.60G
[2025-02-19 08:54:12] block: 53,846	epoch: 0	 job target: 0x00000000086b2dde
[2025-02-19 08:54:12] new job from koala.straffesites.be:3333 diff 130.60G
[2025-02-19 08:54:12] block: 53,846	epoch: 0	 job target: 0x00000000086b2dde
[2025-02-19 08:54:13] new job from koala.straffesites.be:3333 diff 130.60G
[2025-02-19 08:54:13] block: 53,846	epoch: 0	 job target: 0x00000000086b2dde
[2025-02-19 08:54:14] new job from koala.straffesites.be:3333 diff 130.60G
[2025-02-19 08:54:14] block: 53,846	epoch: 0	 job target: 0x00000000086b2dde
[2025-02-19 08:54:14] new job from koala.straffesites.be:3333 diff 130.60G
[2025-02-19 08:54:14] block: 53,846	epoch: 0	 job target: 0x00000000086b2dde
[2025-02-19 08:54:16] new job from koala.straffesites.be:3333 diff 130.60G
[2025-02-19 08:54:16] block: 53,846	epoch: 0	 job target: 0x00000000086b2dde
[2025-02-19 08:54:16] new job from koala.straffesites.be:3333 diff 130.76G
[2025-02-19 08:54:16] block: 53,846	epoch: 0	 job target: 0x0000000008689ba6
[2025-02-19 08:54:16] new job from koala.straffesites.be:3333 diff 130.76G
[2025-02-19 08:54:16] block: 53,846	epoch: 0	 job target: 0x0000000008689ba6
[2025-02-19 08:54:17] new job from koala.straffesites.be:3333 diff 130.76G
[2025-02-19 08:54:17] block: 53,846	epoch: 0	 job target: 0x0000000008689ba6
